20:13:09.925 {background-preinit} INFO  o.h.validator.internal.util.Version - HV000001: Hibernate Validator 6.2.3.Final
20:13:09.936 {restartedMain} INFO  c.c.security.SecurityApplication - Starting SecurityApplication using Java 11.0.2 on Sangji with PID 19516 (C:\Users\parks\Google 드라이브\스프링부트\comdolidoli-dev-spring-boot\security\target\classes started by parksangji in C:\Users\parks\Google 드라이브\스프링부트\comdolidoli-dev-spring-boot\security)
20:13:09.942 {restartedMain} DEBUG c.c.security.SecurityApplication - Running with Spring Boot v2.7.2, Spring v5.3.22
20:13:09.945 {restartedMain} INFO  c.c.security.SecurityApplication - No active profile set, falling back to 1 default profile: "default"
20:13:10.098 {restartedMain} INFO  o.s.b.d.e.DevToolsPropertyDefaultsPostProcessor - Devtools property defaults active! Set 'spring.devtools.add-properties' to 'false' to disable
20:13:10.102 {restartedMain} INFO  o.s.b.d.e.DevToolsPropertyDefaultsPostProcessor - For additional web related logging consider setting the 'logging.level.web' property to 'DEBUG'
20:13:12.032 {restartedMain} INFO  o.s.d.r.c.RepositoryConfigurationDelegate - Bootstrapping Spring Data JPA repositories in DEFAULT mode.
20:13:12.301 {restartedMain} INFO  o.s.d.r.c.RepositoryConfigurationDelegate - Finished Spring Data repository scanning in 233 ms. Found 1 JPA repository interfaces.
20:13:15.125 {restartedMain} INFO  o.s.b.w.e.tomcat.TomcatWebServer - Tomcat initialized with port(s): 8080 (http)
20:13:15.153 {restartedMain} INFO  o.a.coyote.http11.Http11NioProtocol - Initializing ProtocolHandler ["http-nio-8080"]
20:13:15.156 {restartedMain} INFO  o.a.catalina.core.StandardService - Starting service [Tomcat]
20:13:15.158 {restartedMain} INFO  o.a.catalina.core.StandardEngine - Starting Servlet engine: [Apache Tomcat/9.0.65]
20:13:15.426 {restartedMain} INFO  o.a.c.c.C.[Tomcat].[localhost].[/] - Initializing Spring embedded WebApplicationContext
20:13:15.428 {restartedMain} INFO  o.s.b.w.s.c.ServletWebServerApplicationContext - Root WebApplicationContext: initialization completed in 5324 ms
20:13:15.975 {restartedMain} INFO  o.h.jpa.internal.util.LogHelper - HHH000204: Processing PersistenceUnitInfo [name: default]
20:13:16.111 {restartedMain} INFO  org.hibernate.Version - HHH000412: Hibernate ORM core version 5.6.10.Final
20:13:16.432 {restartedMain} INFO  o.h.annotations.common.Version - HCANN000001: Hibernate Commons Annotations {5.1.2.Final}
20:13:16.710 {restartedMain} INFO  com.zaxxer.hikari.HikariDataSource - HikariPool-1 - Starting...
20:13:16.861 {restartedMain} INFO  com.zaxxer.hikari.HikariDataSource - HikariPool-1 - Start completed.
20:13:16.901 {restartedMain} INFO  org.hibernate.dialect.Dialect - HHH000400: Using dialect: org.hibernate.dialect.MySQL5InnoDBDialect
20:13:18.389 {restartedMain} INFO  o.h.e.t.j.p.i.JtaPlatformInitiator - HHH000490: Using JtaPlatform implementation: [org.hibernate.engine.transaction.jta.platform.internal.NoJtaPlatform]
20:13:18.412 {restartedMain} INFO  o.s.o.j.LocalContainerEntityManagerFactoryBean - Initialized JPA EntityManagerFactory for persistence unit 'default'
20:13:19.314 {restartedMain} WARN  o.s.b.a.o.j.JpaBaseConfiguration$JpaWebConfiguration - spring.jpa.open-in-view is enabled by default. Therefore, database queries may be performed during view rendering. Explicitly configure spring.jpa.open-in-view to disable this warning
20:13:19.597 {restartedMain} WARN  o.s.s.c.a.web.builders.WebSecurity - You are asking Spring Security to ignore Ant [pattern='/resources/**']. This is not recommended -- please use permitAll via HttpSecurity#authorizeHttpRequests instead.
20:13:19.600 {restartedMain} INFO  o.s.s.web.DefaultSecurityFilterChain - Will not secure Ant [pattern='/resources/**']
20:13:19.602 {restartedMain} WARN  o.s.s.c.a.web.builders.WebSecurity - You are asking Spring Security to ignore Ant [pattern='/h2-console/**']. This is not recommended -- please use permitAll via HttpSecurity#authorizeHttpRequests instead.
20:13:19.604 {restartedMain} INFO  o.s.s.web.DefaultSecurityFilterChain - Will not secure Ant [pattern='/h2-console/**']
20:13:19.735 {restartedMain} INFO  o.s.s.web.DefaultSecurityFilterChain - Will secure any request with [org.springframework.security.web.session.DisableEncodeUrlFilter@7f2161cb, org.springframework.security.web.context.request.async.WebAsyncManagerIntegrationFilter@7567b38, org.springframework.security.web.context.SecurityContextPersistenceFilter@58709ae7, org.springframework.security.web.header.HeaderWriterFilter@5c8b10cf, org.springframework.security.web.authentication.logout.LogoutFilter@2eb92386, org.springframework.security.web.authentication.UsernamePasswordAuthenticationFilter@4a04b616, org.springframework.security.web.savedrequest.RequestCacheAwareFilter@2bd3007, org.springframework.security.web.servletapi.SecurityContextHolderAwareRequestFilter@7e509ca6, org.springframework.security.web.authentication.AnonymousAuthenticationFilter@15e588cf, org.springframework.security.web.session.SessionManagementFilter@54fc0024, org.springframework.security.web.access.ExceptionTranslationFilter@30efadb, org.springframework.security.web.access.intercept.FilterSecurityInterceptor@244523f7]
20:13:20.849 {restartedMain} INFO  o.s.b.d.a.OptionalLiveReloadServer - LiveReload server is running on port 35729
20:13:20.875 {restartedMain} INFO  o.a.coyote.http11.Http11NioProtocol - Starting ProtocolHandler ["http-nio-8080"]
20:13:20.930 {restartedMain} INFO  o.s.b.w.e.tomcat.TomcatWebServer - Tomcat started on port(s): 8080 (http) with context path ''
20:13:20.966 {restartedMain} INFO  c.c.security.SecurityApplication - Started SecurityApplication in 12.171 seconds (JVM running for 14.138)
20:13:29.427 {http-nio-8080-exec-1} INFO  o.a.c.c.C.[Tomcat].[localhost].[/] - Initializing Spring DispatcherServlet 'dispatcherServlet'
20:13:29.428 {http-nio-8080-exec-1} INFO  o.s.web.servlet.DispatcherServlet - Initializing Servlet 'dispatcherServlet'
20:13:29.430 {http-nio-8080-exec-1} INFO  o.s.web.servlet.DispatcherServlet - Completed initialization in 1 ms
20:13:36.525 {http-nio-8080-exec-6} DEBUG org.hibernate.SQL - 
    select
        user0_.id as id1_0_,
        user0_.email as email2_0_,
        user0_.password as password3_0_,
        user0_.role as role4_0_ 
    from
        user user0_ 
    where
        user0_.email=?
20:13:48.069 {http-nio-8080-exec-10} DEBUG org.hibernate.SQL - 
    select
        user0_.id as id1_0_,
        user0_.email as email2_0_,
        user0_.password as password3_0_,
        user0_.role as role4_0_ 
    from
        user user0_ 
    where
        user0_.email=?
20:13:48.521 {http-nio-8080-exec-10} DEBUG org.hibernate.SQL - 
    insert 
    into
        user
        (email, password, role) 
    values
        (?, ?, ?)
20:14:09.503 {http-nio-8080-exec-2} DEBUG org.hibernate.SQL - 
    select
        user0_.id as id1_0_,
        user0_.email as email2_0_,
        user0_.password as password3_0_,
        user0_.role as role4_0_ 
    from
        user user0_ 
    where
        user0_.email=?
20:14:10.890 {http-nio-8080-exec-2} WARN  o.a.c.util.SessionIdGeneratorBase - Creation of SecureRandom instance for session ID generation using [SHA1PRNG] took [1,126] milliseconds.
20:14:10.913 {http-nio-8080-exec-3} DEBUG org.hibernate.SQL - 
    select
        user0_.id as id1_0_,
        user0_.email as email2_0_,
        user0_.password as password3_0_,
        user0_.role as role4_0_ 
    from
        user user0_ 
    where
        user0_.email=?
20:15:00.068 {SpringApplicationShutdownHook} INFO  o.s.o.j.LocalContainerEntityManagerFactoryBean - Closing JPA EntityManagerFactory for persistence unit 'default'
20:15:00.098 {SpringApplicationShutdownHook} INFO  com.zaxxer.hikari.HikariDataSource - HikariPool-1 - Shutdown initiated...
20:15:00.201 {SpringApplicationShutdownHook} INFO  com.zaxxer.hikari.HikariDataSource - HikariPool-1 - Shutdown completed.
20:17:02.706 {background-preinit} INFO  o.h.validator.internal.util.Version - HV000001: Hibernate Validator 6.2.3.Final
20:17:02.720 {restartedMain} INFO  c.c.security.SecurityApplication - Starting SecurityApplication using Java 11.0.2 on Sangji with PID 23520 (C:\Users\parks\Google 드라이브\스프링부트\comdolidoli-dev-spring-boot\security\target\classes started by parksangji in C:\Users\parks\Google 드라이브\스프링부트\comdolidoli-dev-spring-boot\security)
20:17:02.725 {restartedMain} DEBUG c.c.security.SecurityApplication - Running with Spring Boot v2.7.2, Spring v5.3.22
20:17:02.727 {restartedMain} INFO  c.c.security.SecurityApplication - No active profile set, falling back to 1 default profile: "default"
20:17:02.859 {restartedMain} INFO  o.s.b.d.e.DevToolsPropertyDefaultsPostProcessor - Devtools property defaults active! Set 'spring.devtools.add-properties' to 'false' to disable
20:17:02.864 {restartedMain} INFO  o.s.b.d.e.DevToolsPropertyDefaultsPostProcessor - For additional web related logging consider setting the 'logging.level.web' property to 'DEBUG'
20:17:04.534 {restartedMain} INFO  o.s.d.r.c.RepositoryConfigurationDelegate - Bootstrapping Spring Data JPA repositories in DEFAULT mode.
20:17:04.673 {restartedMain} INFO  o.s.d.r.c.RepositoryConfigurationDelegate - Finished Spring Data repository scanning in 120 ms. Found 1 JPA repository interfaces.
20:17:07.266 {restartedMain} INFO  o.s.b.w.e.tomcat.TomcatWebServer - Tomcat initialized with port(s): 8080 (http)
20:17:07.289 {restartedMain} INFO  o.a.coyote.http11.Http11NioProtocol - Initializing ProtocolHandler ["http-nio-8080"]
20:17:07.291 {restartedMain} INFO  o.a.catalina.core.StandardService - Starting service [Tomcat]
20:17:07.292 {restartedMain} INFO  o.a.catalina.core.StandardEngine - Starting Servlet engine: [Apache Tomcat/9.0.65]
20:17:07.503 {restartedMain} INFO  o.a.c.c.C.[Tomcat].[localhost].[/] - Initializing Spring embedded WebApplicationContext
20:17:07.504 {restartedMain} INFO  o.s.b.w.s.c.ServletWebServerApplicationContext - Root WebApplicationContext: initialization completed in 4638 ms
20:17:07.837 {restartedMain} INFO  o.h.jpa.internal.util.LogHelper - HHH000204: Processing PersistenceUnitInfo [name: default]
20:17:07.933 {restartedMain} INFO  org.hibernate.Version - HHH000412: Hibernate ORM core version 5.6.10.Final
20:17:08.195 {restartedMain} INFO  o.h.annotations.common.Version - HCANN000001: Hibernate Commons Annotations {5.1.2.Final}
20:17:08.384 {restartedMain} INFO  com.zaxxer.hikari.HikariDataSource - HikariPool-1 - Starting...
20:17:08.583 {restartedMain} INFO  com.zaxxer.hikari.HikariDataSource - HikariPool-1 - Start completed.
20:17:08.651 {restartedMain} INFO  org.hibernate.dialect.Dialect - HHH000400: Using dialect: org.hibernate.dialect.MySQL5InnoDBDialect
20:17:09.723 {restartedMain} INFO  o.h.e.t.j.p.i.JtaPlatformInitiator - HHH000490: Using JtaPlatform implementation: [org.hibernate.engine.transaction.jta.platform.internal.NoJtaPlatform]
20:17:09.747 {restartedMain} INFO  o.s.o.j.LocalContainerEntityManagerFactoryBean - Initialized JPA EntityManagerFactory for persistence unit 'default'
20:17:10.374 {restartedMain} WARN  o.s.b.a.o.j.JpaBaseConfiguration$JpaWebConfiguration - spring.jpa.open-in-view is enabled by default. Therefore, database queries may be performed during view rendering. Explicitly configure spring.jpa.open-in-view to disable this warning
20:17:10.572 {restartedMain} WARN  o.s.s.c.a.web.builders.WebSecurity - You are asking Spring Security to ignore Ant [pattern='/resources/**']. This is not recommended -- please use permitAll via HttpSecurity#authorizeHttpRequests instead.
20:17:10.575 {restartedMain} INFO  o.s.s.web.DefaultSecurityFilterChain - Will not secure Ant [pattern='/resources/**']
20:17:10.577 {restartedMain} WARN  o.s.s.c.a.web.builders.WebSecurity - You are asking Spring Security to ignore Ant [pattern='/h2-console/**']. This is not recommended -- please use permitAll via HttpSecurity#authorizeHttpRequests instead.
20:17:10.578 {restartedMain} INFO  o.s.s.web.DefaultSecurityFilterChain - Will not secure Ant [pattern='/h2-console/**']
20:17:10.654 {restartedMain} INFO  o.s.s.web.DefaultSecurityFilterChain - Will secure any request with [org.springframework.security.web.session.DisableEncodeUrlFilter@1d1159ad, org.springframework.security.web.context.request.async.WebAsyncManagerIntegrationFilter@76afbf64, org.springframework.security.web.context.SecurityContextPersistenceFilter@3a40051f, org.springframework.security.web.header.HeaderWriterFilter@1990d181, org.springframework.security.web.authentication.logout.LogoutFilter@33138ec7, org.springframework.security.web.authentication.UsernamePasswordAuthenticationFilter@34a49049, org.springframework.security.web.savedrequest.RequestCacheAwareFilter@4aba69d, org.springframework.security.web.servletapi.SecurityContextHolderAwareRequestFilter@68f7753, org.springframework.security.web.authentication.AnonymousAuthenticationFilter@95a1790, org.springframework.security.web.session.SessionManagementFilter@5536c24a, org.springframework.security.web.access.ExceptionTranslationFilter@37f09c05, org.springframework.security.web.access.intercept.FilterSecurityInterceptor@755b4bd1]
20:17:11.362 {restartedMain} INFO  o.s.b.d.a.OptionalLiveReloadServer - LiveReload server is running on port 35729
20:17:11.391 {restartedMain} INFO  o.a.coyote.http11.Http11NioProtocol - Starting ProtocolHandler ["http-nio-8080"]
20:17:11.447 {restartedMain} INFO  o.s.b.w.e.tomcat.TomcatWebServer - Tomcat started on port(s): 8080 (http) with context path ''
20:17:11.476 {restartedMain} INFO  c.c.security.SecurityApplication - Started SecurityApplication in 9.818 seconds (JVM running for 11.413)
20:17:17.856 {http-nio-8080-exec-1} INFO  o.a.c.c.C.[Tomcat].[localhost].[/] - Initializing Spring DispatcherServlet 'dispatcherServlet'
20:17:17.859 {http-nio-8080-exec-1} INFO  o.s.web.servlet.DispatcherServlet - Initializing Servlet 'dispatcherServlet'
20:17:17.866 {http-nio-8080-exec-1} INFO  o.s.web.servlet.DispatcherServlet - Completed initialization in 5 ms
20:17:34.737 {http-nio-8080-exec-3} DEBUG org.hibernate.SQL - 
    select
        user0_.id as id1_0_,
        user0_.email as email2_0_,
        user0_.password as password3_0_,
        user0_.role as role4_0_ 
    from
        user user0_ 
    where
        user0_.email=?
20:17:35.063 {http-nio-8080-exec-3} DEBUG org.hibernate.SQL - 
    insert 
    into
        user
        (email, password, role) 
    values
        (?, ?, ?)
20:17:46.858 {http-nio-8080-exec-5} DEBUG org.hibernate.SQL - 
    select
        user0_.id as id1_0_,
        user0_.email as email2_0_,
        user0_.password as password3_0_,
        user0_.role as role4_0_ 
    from
        user user0_ 
    where
        user0_.email=?
20:17:47.934 {http-nio-8080-exec-5} WARN  o.a.c.util.SessionIdGeneratorBase - Creation of SecureRandom instance for session ID generation using [SHA1PRNG] took [868] milliseconds.
20:17:47.950 {http-nio-8080-exec-6} DEBUG org.hibernate.SQL - 
    select
        user0_.id as id1_0_,
        user0_.email as email2_0_,
        user0_.password as password3_0_,
        user0_.role as role4_0_ 
    from
        user user0_ 
    where
        user0_.email=?
20:17:56.303 {http-nio-8080-exec-8} DEBUG org.hibernate.SQL - 
    select
        user0_.id as id1_0_,
        user0_.email as email2_0_,
        user0_.password as password3_0_,
        user0_.role as role4_0_ 
    from
        user user0_
20:18:03.019 {http-nio-8080-exec-9} DEBUG org.hibernate.SQL - 
    select
        user0_.id as id1_0_,
        user0_.email as email2_0_,
        user0_.password as password3_0_,
        user0_.role as role4_0_ 
    from
        user user0_ 
    where
        user0_.email=?
20:18:24.937 {http-nio-8080-exec-2} DEBUG org.hibernate.SQL - 
    select
        user0_.id as id1_0_,
        user0_.email as email2_0_,
        user0_.password as password3_0_,
        user0_.role as role4_0_ 
    from
        user user0_ 
    where
        user0_.email=?
20:18:29.564 {http-nio-8080-exec-4} DEBUG org.hibernate.SQL - 
    select
        user0_.id as id1_0_,
        user0_.email as email2_0_,
        user0_.password as password3_0_,
        user0_.role as role4_0_ 
    from
        user user0_
20:18:35.212 {http-nio-8080-exec-5} DEBUG org.hibernate.SQL - 
    select
        user0_.id as id1_0_,
        user0_.email as email2_0_,
        user0_.password as password3_0_,
        user0_.role as role4_0_ 
    from
        user user0_ 
    where
        user0_.email=?
20:18:45.717 {SpringApplicationShutdownHook} INFO  o.s.o.j.LocalContainerEntityManagerFactoryBean - Closing JPA EntityManagerFactory for persistence unit 'default'
20:18:45.727 {SpringApplicationShutdownHook} INFO  com.zaxxer.hikari.HikariDataSource - HikariPool-1 - Shutdown initiated...
20:18:45.747 {SpringApplicationShutdownHook} INFO  com.zaxxer.hikari.HikariDataSource - HikariPool-1 - Shutdown completed.
